<?xml version="1.0" encoding="utf-8"?><testsuites name="pytest tests"><testsuite name="pytest" errors="0" failures="0" skipped="0" tests="13" time="2.469" timestamp="2026-06-06T09:40:52.822704+00:00" hostname="agent-env-ab71539a-9e67-4b84-8622-a27d90110c2a"><testcase classname="backend.tests.test_tzoul_barber.TestPublicAPIs" name="test_root" time="0.257" /><testcase classname="backend.tests.test_tzoul_barber.TestPublicAPIs" name="test_services_count" time="0.104" /><testcase classname="backend.tests.test_tzoul_barber.TestPublicAPIs" name="test_services_fields" time="0.103" /><testcase classname="backend.tests.test_tzoul_barber.TestPublicAPIs" name="test_barbers" time="0.099" /><testcase classname="backend.tests.test_tzoul_barber.TestPublicAPIs" name="test_business" time="0.101" /><testcase classname="backend.tests.test_tzoul_barber.TestPublicAPIs" name="test_testimonials" time="0.097" /><testcase classname="backend.tests.test_tzoul_barber.TestPublicAPIs" name="test_availability" time="0.146" /><testcase classname="backend.tests.test_tzoul_barber.TestAdminAuth" name="test_admin_login_success" time="0.356" /><testcase classname="backend.tests.test_tzoul_barber.TestAdminAuth" name="test_admin_login_wrong_password" time="0.319" /><testcase classname="backend.tests.test_tzoul_barber.TestAdminAuth" name="test_admin_bookings_requires_auth" time="0.101" /><testcase classname="backend.tests.test_tzoul_barber.TestAdminAuth" name="test_admin_bookings_with_token" time="0.455" /><testcase classname="backend.tests.test_tzoul_barber.TestBookingFlow" name="test_create_booking" time="0.114" /><testcase classname="backend.tests.test_tzoul_barber.TestBookingFlow" name="test_create_booking_invalid_service" time="0.143" /></testsuite></testsuites>